CRITICAL - 2024-12-06 10:04:35 --> ErrorException: Undefined property: stdClass::$ID
[Method: POST, Route: login]
in APPPATH\Controllers\Home.php on line 34.
 1 APPPATH\Controllers\Home.php(34): CodeIgniter\Debug\Exceptions->errorHandler(2, 'Undefined property: stdClass::$ID', 'E:\\xampp\\htdocs\\cludo\\app\\Controllers\\Home.php', 34)
 2 SYSTEMPATH\CodeIgniter.php(933): App\Controllers\Home->hit_login()
 3 SYSTEMPATH\CodeIgniter.php(509): CodeIgniter\CodeIgniter->runController(Object(App\Controllers\Home))
 4 SYSTEMPATH\CodeIgniter.php(355): CodeIgniter\CodeIgniter->handleRequest(null, Object(Config\Cache), false)
 5 SYSTEMPATH\Boot.php(325): CodeIgniter\CodeIgniter->run()
 6 SYSTEMPATH\Boot.php(67): CodeIgniter\Boot::runCodeIgniter(Object(CodeIgniter\CodeIgniter))
 7 FCPATH\index.php(56): CodeIgniter\Boot::bootWeb(Object(Config\Paths))
CRITICAL - 2024-12-06 10:06:33 --> ErrorException: Undefined property: stdClass::$ID
[Method: POST, Route: login]
in APPPATH\Controllers\Home.php on line 34.
 1 APPPATH\Controllers\Home.php(34): CodeIgniter\Debug\Exceptions->errorHandler(2, 'Undefined property: stdClass::$ID', 'E:\\xampp\\htdocs\\cludo\\app\\Controllers\\Home.php', 34)
 2 SYSTEMPATH\CodeIgniter.php(933): App\Controllers\Home->hit_login()
 3 SYSTEMPATH\CodeIgniter.php(509): CodeIgniter\CodeIgniter->runController(Object(App\Controllers\Home))
 4 SYSTEMPATH\CodeIgniter.php(355): CodeIgniter\CodeIgniter->handleRequest(null, Object(Config\Cache), false)
 5 SYSTEMPATH\Boot.php(325): CodeIgniter\CodeIgniter->run()
 6 SYSTEMPATH\Boot.php(67): CodeIgniter\Boot::runCodeIgniter(Object(CodeIgniter\CodeIgniter))
 7 FCPATH\index.php(56): CodeIgniter\Boot::bootWeb(Object(Config\Paths))
